Copyright 1986-2018 Xilinx, Inc. All Rights Reserved.
------------------------------------------------------------------------------------------------------------------------------------------------------
| Tool Version : Vivado v.2018.3 (win64) Build 2405991 Thu Dec  6 23:38:27 MST 2018
| Date         : Sun Jun  5 15:19:52 2022
| Host         : Chiro running 64-bit major release  (build 9200)
| Command      : report_drc -file design_sender_wrapper_drc_opted.rpt -pb design_sender_wrapper_drc_opted.pb -rpx design_sender_wrapper_drc_opted.rpx
| Design       : design_sender_wrapper
| Device       : xc7z020clg400-2
| Speed File   : -2
| Design State : Synthesized
------------------------------------------------------------------------------------------------------------------------------------------------------

Report DRC

Table of Contents
-----------------
1. REPORT SUMMARY
2. REPORT DETAILS

1. REPORT SUMMARY
-----------------
            Netlist: netlist
          Floorplan: design_1
      Design limits: <entire design considered>
           Ruledeck: default
             Max violations: <unlimited>
             Violations found: 2
+-------------+----------+-------------------------------------------------------------+------------+
| Rule        | Severity | Description                                                 | Violations |
+-------------+----------+-------------------------------------------------------------+------------+
| PLHOLDVIO-2 | Warning  | Non-Optimal connections which could lead to hold violations | 1          |
| ZPS7-1      | Warning  | PS7 block required                                          | 1          |
+-------------+----------+-------------------------------------------------------------+------------+

2. REPORT DETAILS
-----------------
PLHOLDVIO-2#1 Warning
Non-Optimal connections which could lead to hold violations  
A LUT design_sender_i/SenderWrapper_0/inst/sender/adcRead/sender_ad_clk_INST_0 is driving clock pin of 11 cells. This could lead to large hold time violations. Involved cells are:
design_sender_i/SenderWrapper_0/inst/sender/adcRead/cnt_reg[0], design_sender_i/SenderWrapper_0/inst/sender/adcRead/cnt_reg[1], design_sender_i/SenderWrapper_0/inst/sender/adcRead/cnt_reg[2], design_sender_i/SenderWrapper_0/inst/sender/adcRead/data_reg[0], design_sender_i/SenderWrapper_0/inst/sender/adcRead/data_reg[1], design_sender_i/SenderWrapper_0/inst/sender/adcRead/data_reg[2], design_sender_i/SenderWrapper_0/inst/sender/adcRead/data_reg[3], design_sender_i/SenderWrapper_0/inst/sender/adcRead/data_reg[4], design_sender_i/SenderWrapper_0/inst/sender/adcRead/data_reg[5], design_sender_i/SenderWrapper_0/inst/sender/adcRead/data_reg[6], design_sender_i/SenderWrapper_0/inst/sender/adcRead/data_reg[7]
Related violations: <none>

ZPS7-1#1 Warning
PS7 block required  
The PS7 cell must be used in this Zynq design in order to enable correct default configuration.
Related violations: <none>


