Copyright 1986-2019 Xilinx, Inc. All Rights Reserved.
---------------------------------------------------------------------------------------------------------------------------------------------------------------
| Tool Version : Vivado v.2019.2_AR72614 (lin64) Build 2708876 Wed Nov  6 21:39:14 MST 2019
| Date         : Mon Jul  4 22:16:07 2022
| Host         : chiro-pc running 64-bit unknown
| Command      : report_drc -file design_receiver_wrapper_drc_routed.rpt -pb design_receiver_wrapper_drc_routed.pb -rpx design_receiver_wrapper_drc_routed.rpx
| Design       : design_receiver_wrapper
| Device       : xc7z020clg400-2
| Speed File   : -2
| Design State : Fully Routed
---------------------------------------------------------------------------------------------------------------------------------------------------------------

Report DRC

Table of Contents
-----------------
1. REPORT SUMMARY
2. REPORT DETAILS

1. REPORT SUMMARY
-----------------
            Netlist: netlist
          Floorplan: design_1
      Design limits: <entire design considered>
           Ruledeck: default
             Max violations: <unlimited>
             Violations found: 4
+-------------+----------+-------------------------------------------------------------+------------+
| Rule        | Severity | Description                                                 | Violations |
+-------------+----------+-------------------------------------------------------------+------------+
| PDRC-153    | Warning  | Gated clock check                                           | 1          |
| PLHOLDVIO-2 | Warning  | Non-Optimal connections which could lead to hold violations | 1          |
| RTSTAT-10   | Warning  | No routable loads                                           | 1          |
| ZPS7-1      | Warning  | PS7 block required                                          | 1          |
+-------------+----------+-------------------------------------------------------------+------------+

2. REPORT DETAILS
-----------------
PDRC-153#1 Warning
Gated clock check  
Net design_receiver_i/ReceiverWrapper_0/inst/Receiver/ddc/CLK is a gated clock net sourced by a combinational pin design_receiver_i/ReceiverWrapper_0/inst/Receiver/ddc/dataReg[7]_i_4/O, cell design_receiver_i/ReceiverWrapper_0/inst/Receiver/ddc/dataReg[7]_i_4. This is not good design practice and will likely impact performance. For SLICE registers, for example, use the CE pin to control the loading of data.
Related violations: <none>

PLHOLDVIO-2#1 Warning
Non-Optimal connections which could lead to hold violations  
A LUT design_receiver_i/ReceiverWrapper_0/inst/Receiver/ddc/dataReg[7]_i_4 is driving clock pin of 19 cells. This could lead to large hold time violations. Involved cells are:
design_receiver_i/ReceiverWrapper_0/inst/Receiver/dacWrite/cnt_reg[0], design_receiver_i/ReceiverWrapper_0/inst/Receiver/dacWrite/cnt_reg[1], design_receiver_i/ReceiverWrapper_0/inst/Receiver/dacWrite/cnt_reg[2], design_receiver_i/ReceiverWrapper_0/inst/Receiver/dacWrite/dataReg_reg[0], design_receiver_i/ReceiverWrapper_0/inst/Receiver/dacWrite/dataReg_reg[1], design_receiver_i/ReceiverWrapper_0/inst/Receiver/dacWrite/dataReg_reg[2], design_receiver_i/ReceiverWrapper_0/inst/Receiver/dacWrite/dataReg_reg[3], design_receiver_i/ReceiverWrapper_0/inst/Receiver/dacWrite/dataReg_reg[4], design_receiver_i/ReceiverWrapper_0/inst/Receiver/dacWrite/dataReg_reg[5], design_receiver_i/ReceiverWrapper_0/inst/Receiver/dacWrite/dataReg_reg[6], design_receiver_i/ReceiverWrapper_0/inst/Receiver/dacWrite/dataReg_reg[7], design_receiver_i/ReceiverWrapper_0/inst/Receiver/dacWrite/data_reg[0], design_receiver_i/ReceiverWrapper_0/inst/Receiver/dacWrite/data_reg[1], design_receiver_i/ReceiverWrapper_0/inst/Receiver/dacWrite/data_reg[2], design_receiver_i/ReceiverWrapper_0/inst/Receiver/dacWrite/data_reg[3] (the first 15 of 19 listed)
Related violations: <none>

RTSTAT-10#1 Warning
No routable loads  
25 net(s) have no routable loads. The problem bus(es) and/or net(s) are dbg_hub/inst/BSCANID.u_xsdbm_id/CORE_XSDB.UUT_MASTER/U_ICON_INTERFACE/U_CMD6_RD/U_RD_FIFO/SUBCORE_FIFO.xsdbm_v3_0_0_rdfifo_inst/inst_fifo_gen/gconvfifo.rf/grf.rf/gntv_or_sync_fifo.gl0.rd/gr1.gr1_int.rfwft/aempty_fwft_i, dbg_hub/inst/BSCANID.u_xsdbm_id/CORE_XSDB.UUT_MASTER/U_ICON_INTERFACE/U_CMD7_CTL/ctl_reg[2:0], dbg_hub/inst/BSCANID.u_xsdbm_id/CORE_XSDB.UUT_MASTER/U_ICON_INTERFACE/U_CMD1/ctl_reg_en_2[1], dbg_hub/inst/BSCANID.u_xsdbm_id/CORE_XSDB.UUT_MASTER/U_ICON_INTERFACE/U_CMD7_CTL/ctl_reg_en_2[1], dbg_hub/inst/BSCANID.u_xsdbm_id/SWITCH_N_EXT_BSCAN.bscan_switch/m_bscan_capture[0], dbg_hub/inst/BSCANID.u_xsdbm_id/SWITCH_N_EXT_BSCAN.bscan_switch/m_bscan_drck[0], dbg_hub/inst/BSCANID.u_xsdbm_id/SWITCH_N_EXT_BSCAN.bscan_switch/m_bscan_runtest[0], dbg_hub/inst/BSCANID.u_xsdbm_id/CORE_XSDB.UUT_MASTER/U_ICON_INTERFACE/U_CMD6_RD/U_RD_FIFO/SUBCORE_FIFO.xsdbm_v3_0_0_rdfifo_inst/inst_fifo_gen/gconvfifo.rf/grf.rf/gntv_or_sync_fifo.gl0.wr/gwhf.whf/overflow, dbg_hub/inst/BSCANID.u_xsdbm_id/CORE_XSDB.UUT_MASTER/U_ICON_INTERFACE/U_CMD6_WR/U_WR_FIFO/SUBCORE_FIFO.xsdbm_v3_0_0_wrfifo_inst/inst_fifo_gen/gconvfifo.rf/grf.rf/gntv_or_sync_fifo.gl0.wr/gwhf.whf/overflow, dbg_hub/inst/BSCANID.u_xsdbm_id/CORE_XSDB.UUT_MASTER/U_ICON_INTERFACE/U_CMD6_RD/U_RD_FIFO/SUBCORE_FIFO.xsdbm_v3_0_0_rdfifo_inst/inst_fifo_gen/gconvfifo.rf/grf.rf/gntv_or_sync_fifo.gl0.rd/gras.rsts/ram_empty_i, dbg_hub/inst/BSCANID.u_xsdbm_id/CORE_XSDB.UUT_MASTER/U_ICON_INTERFACE/U_CMD6_WR/U_WR_FIFO/SUBCORE_FIFO.xsdbm_v3_0_0_wrfifo_inst/inst_fifo_gen/gconvfifo.rf/grf.rf/gntv_or_sync_fifo.gl0.wr/gwas.wsts/ram_full_i, dbg_hub/inst/BSCANID.u_xsdbm_id/CORE_XSDB.UUT_MASTER/U_ICON_INTERFACE/U_CMD6_WR/U_WR_FIFO/SUBCORE_FIFO.xsdbm_v3_0_0_wrfifo_inst/inst_fifo_gen/gconvfifo.rf/grf.rf/rstblk/rd_rst_reg[0], dbg_hub/inst/BSCANID.u_xsdbm_id/SWITCH_N_EXT_BSCAN.bscan_inst/s_bscan_tms, design_receiver_i/ila_0/inst/ila_core_inst/u_ila_regs/U_XSDB_SLAVE/s_daddr_o[13], design_receiver_i/ila_0/inst/ila_core_inst/u_ila_regs/U_XSDB_SLAVE/s_daddr_o[14] (the first 15 of 23 listed).
Related violations: <none>

ZPS7-1#1 Warning
PS7 block required  
The PS7 cell must be used in this Zynq design in order to enable correct default configuration.
Related violations: <none>


